<?xml version="1.0" encoding="UTF-8"?>
<!-- Generated by org.testng.reporters.JUnitReportReporter -->
<testsuite hostname="QT-INBG-LT0290" failures="0" tests="4" name="api.test.UserTests" time="9.830" errors="0" timestamp="2023-09-15T00:08:02 IST" skipped="0">
  <testcase classname="api.test.UserTests" name="testPostUser" time="3.987"/>
  <system-out/>
  <testcase classname="api.test.UserTests" name="testGetUserByName" time="1.508"/>
  <system-out/>
  <testcase classname="api.test.UserTests" name="testUpdateUserByName" time="2.892"/>
  <system-out/>
  <testcase classname="api.test.UserTests" name="testDeleteUserByName" time="1.443"/>
  <system-out/>
</testsuite> <!-- api.test.UserTests -->
