<?xml version="1.0" encoding="UTF-8"?>
<!-- Generated by org.testng.reporters.JUnitReportReporter -->
<testsuite hostname="QT-INBG-LT0290" failures="0" tests="6" name="api.test.DDTests" time="12.035" errors="0" timestamp="2023-09-14T23:55:45 IST" skipped="0">
  <testcase classname="api.test.DDTests" name="testPostuser" time="4.203"/>
  <system-out/>
  <testcase classname="api.test.DDTests" name="testPostuser" time="1.458"/>
  <system-out/>
  <testcase classname="api.test.DDTests" name="testPostuser" time="1.706"/>
  <system-out/>
  <testcase classname="api.test.DDTests" name="testDeleteUserByName" time="1.486"/>
  <system-out/>
  <testcase classname="api.test.DDTests" name="testDeleteUserByName" time="1.717"/>
  <system-out/>
  <testcase classname="api.test.DDTests" name="testDeleteUserByName" time="1.465"/>
  <system-out/>
</testsuite> <!-- api.test.DDTests -->
